2022-04-30 00:29:24,771 [Worker-4: Loading available Gradle versions] INFO  o.e.b.c.i.u.g.PublishedGradleVersions - Gradle version information cache is up-to-date. Trying to read.
2022-04-30 00:41:52,975 [Worker-0: Loading available Gradle versions] INFO  o.e.b.c.i.u.g.PublishedGradleVersions - Gradle version information cache is up-to-date. Trying to read.
2022-04-30 00:42:20,876 [Worker-15: Building] INFO  o.e.m.c.i.l.LifecycleMappingFactory - Using org.eclipse.m2e.jdt.JarLifecycleMapping lifecycle mapping for MavenProject: co.edu.uco.grades:DTOGrades:0.0.1-SNAPSHOT @ C:\Users\ASUS\Documents\Sebastian\U\2022-1\DOO\DOO Parcial\DOO\DTOGrades\pom.xml.
2022-04-30 00:42:21,102 [Worker-15: Building] WARN  o.e.m.c.i.embedder.EclipseLogger - Using platform encoding (Cp1252 actually) to copy filtered resources, i.e. build is platform dependent!
2022-04-30 00:42:21,110 [Worker-15: Building] INFO  o.e.m.c.i.embedder.EclipseLogger - skip non existing resourceDirectory C:\Users\ASUS\Documents\Sebastian\U\2022-1\DOO\DOO Parcial\DOO\DTOGrades\src\main\resources
2022-04-30 00:42:21,112 [Worker-15: Building] WARN  o.e.m.c.i.embedder.EclipseLogger - Using platform encoding (Cp1252 actually) to copy filtered resources, i.e. build is platform dependent!
2022-04-30 00:42:21,113 [Worker-15: Building] INFO  o.e.m.c.i.embedder.EclipseLogger - skip non existing resourceDirectory C:\Users\ASUS\Documents\Sebastian\U\2022-1\DOO\DOO Parcial\DOO\DTOGrades\src\test\resources
2022-04-30 00:42:21,637 [Worker-8: Updating Maven Dependencies] INFO  o.e.m.c.i.l.LifecycleMappingFactory - Using org.eclipse.m2e.jdt.JarLifecycleMapping lifecycle mapping for MavenProject: co.edu.uco.grades:DTOGrades:0.0.1-SNAPSHOT @ C:\Users\ASUS\Documents\Sebastian\U\2022-1\DOO\DOO Parcial\DOO\DTOGrades\pom.xml.
2022-04-30 00:42:22,396 [Worker-4: Building] WARN  o.e.m.c.i.embedder.EclipseLogger - Using platform encoding (Cp1252 actually) to copy filtered resources, i.e. build is platform dependent!
2022-04-30 00:42:22,397 [Worker-4: Building] INFO  o.e.m.c.i.embedder.EclipseLogger - skip non existing resourceDirectory C:\Users\ASUS\Documents\Sebastian\U\2022-1\DOO\DOO Parcial\DOO\DTOGrades\src\main\resources
2022-04-30 00:42:22,401 [Worker-4: Building] WARN  o.e.m.c.i.embedder.EclipseLogger - Using platform encoding (Cp1252 actually) to copy filtered resources, i.e. build is platform dependent!
2022-04-30 00:42:22,401 [Worker-4: Building] INFO  o.e.m.c.i.embedder.EclipseLogger - skip non existing resourceDirectory C:\Users\ASUS\Documents\Sebastian\U\2022-1\DOO\DOO Parcial\DOO\DTOGrades\src\test\resources
2022-04-30 00:42:35,263 [Worker-7: Building] INFO  o.e.m.c.i.l.LifecycleMappingFactory - Using org.eclipse.m2e.jdt.JarLifecycleMapping lifecycle mapping for MavenProject: co.edu.uco.grades:DataGrades:0.0.1-SNAPSHOT @ C:\Users\ASUS\Documents\Sebastian\U\2022-1\DOO\DOO Parcial\DOO\DataGrades\pom.xml.
2022-04-30 00:42:35,272 [Worker-7: Building] INFO  o.e.m.c.i.p.WorkspaceClassifierResolverManager - Resolving P/DTOGrades: co.edu.uco.grades:DTOGrades:0.0.1-SNAPSHOT with classifier  to /DTOGrades/target/classes
2022-04-30 00:42:35,290 [Worker-7: Building] WARN  o.e.m.c.i.embedder.EclipseLogger - Using platform encoding (Cp1252 actually) to copy filtered resources, i.e. build is platform dependent!
2022-04-30 00:42:35,291 [Worker-7: Building] INFO  o.e.m.c.i.embedder.EclipseLogger - skip non existing resourceDirectory C:\Users\ASUS\Documents\Sebastian\U\2022-1\DOO\DOO Parcial\DOO\DataGrades\src\main\resources
2022-04-30 00:42:35,294 [Worker-7: Building] WARN  o.e.m.c.i.embedder.EclipseLogger - Using platform encoding (Cp1252 actually) to copy filtered resources, i.e. build is platform dependent!
2022-04-30 00:42:35,295 [Worker-7: Building] INFO  o.e.m.c.i.embedder.EclipseLogger - skip non existing resourceDirectory C:\Users\ASUS\Documents\Sebastian\U\2022-1\DOO\DOO Parcial\DOO\DataGrades\src\test\resources
2022-04-30 00:42:35,842 [Worker-2: Updating Maven Dependencies] INFO  o.e.m.c.i.l.LifecycleMappingFactory - Using org.eclipse.m2e.jdt.JarLifecycleMapping lifecycle mapping for MavenProject: co.edu.uco.grades:DataGrades:0.0.1-SNAPSHOT @ C:\Users\ASUS\Documents\Sebastian\U\2022-1\DOO\DOO Parcial\DOO\DataGrades\pom.xml.
2022-04-30 00:42:35,846 [Worker-2: Updating Maven Dependencies] INFO  o.e.m.c.i.p.WorkspaceClassifierResolverManager - Resolving P/DTOGrades: co.edu.uco.grades:DTOGrades:0.0.1-SNAPSHOT with classifier  to /DTOGrades/target/classes
2022-04-30 00:42:36,362 [Worker-14: Building] INFO  o.e.m.c.i.p.WorkspaceClassifierResolverManager - Resolving P/DTOGrades: co.edu.uco.grades:DTOGrades:0.0.1-SNAPSHOT with classifier  to /DTOGrades/target/classes
2022-04-30 00:42:36,365 [Worker-14: Building] WARN  o.e.m.c.i.embedder.EclipseLogger - Using platform encoding (Cp1252 actually) to copy filtered resources, i.e. build is platform dependent!
2022-04-30 00:42:36,365 [Worker-14: Building] INFO  o.e.m.c.i.embedder.EclipseLogger - skip non existing resourceDirectory C:\Users\ASUS\Documents\Sebastian\U\2022-1\DOO\DOO Parcial\DOO\DataGrades\src\main\resources
2022-04-30 00:42:36,367 [Worker-14: Building] WARN  o.e.m.c.i.embedder.EclipseLogger - Using platform encoding (Cp1252 actually) to copy filtered resources, i.e. build is platform dependent!
2022-04-30 00:42:36,367 [Worker-14: Building] INFO  o.e.m.c.i.embedder.EclipseLogger - skip non existing resourceDirectory C:\Users\ASUS\Documents\Sebastian\U\2022-1\DOO\DOO Parcial\DOO\DataGrades\src\test\resources
2022-04-30 00:42:43,704 [Worker-3: Building] INFO  o.e.m.c.i.l.LifecycleMappingFactory - Using org.eclipse.m2e.jdt.JarLifecycleMapping lifecycle mapping for MavenProject: co.edu.uco.Crosscutting:CrossCutting:0.0.1-SNAPSHOT @ C:\Users\ASUS\Documents\Sebastian\U\2022-1\DOO\DOO Parcial\DOO\CrossCutting\pom.xml.
2022-04-30 00:42:43,721 [Worker-3: Building] WARN  o.e.m.c.i.embedder.EclipseLogger - Using platform encoding (Cp1252 actually) to copy filtered resources, i.e. build is platform dependent!
2022-04-30 00:42:43,721 [Worker-3: Building] INFO  o.e.m.c.i.embedder.EclipseLogger - skip non existing resourceDirectory C:\Users\ASUS\Documents\Sebastian\U\2022-1\DOO\DOO Parcial\DOO\CrossCutting\src\main\resources
2022-04-30 00:42:43,723 [Worker-3: Building] WARN  o.e.m.c.i.embedder.EclipseLogger - Using platform encoding (Cp1252 actually) to copy filtered resources, i.e. build is platform dependent!
2022-04-30 00:42:43,724 [Worker-3: Building] INFO  o.e.m.c.i.embedder.EclipseLogger - skip non existing resourceDirectory C:\Users\ASUS\Documents\Sebastian\U\2022-1\DOO\DOO Parcial\DOO\CrossCutting\src\test\resources
2022-04-30 00:42:44,358 [Worker-18: Updating Maven Dependencies] INFO  o.e.m.c.i.l.LifecycleMappingFactory - Using org.eclipse.m2e.jdt.JarLifecycleMapping lifecycle mapping for MavenProject: co.edu.uco.Crosscutting:CrossCutting:0.0.1-SNAPSHOT @ C:\Users\ASUS\Documents\Sebastian\U\2022-1\DOO\DOO Parcial\DOO\CrossCutting\pom.xml.
2022-04-30 00:42:44,828 [Worker-8: Building] WARN  o.e.m.c.i.embedder.EclipseLogger - Using platform encoding (Cp1252 actually) to copy filtered resources, i.e. build is platform dependent!
2022-04-30 00:42:44,829 [Worker-8: Building] INFO  o.e.m.c.i.embedder.EclipseLogger - skip non existing resourceDirectory C:\Users\ASUS\Documents\Sebastian\U\2022-1\DOO\DOO Parcial\DOO\CrossCutting\src\main\resources
2022-04-30 00:42:44,830 [Worker-8: Building] WARN  o.e.m.c.i.embedder.EclipseLogger - Using platform encoding (Cp1252 actually) to copy filtered resources, i.e. build is platform dependent!
2022-04-30 00:42:44,831 [Worker-8: Building] INFO  o.e.m.c.i.embedder.EclipseLogger - skip non existing resourceDirectory C:\Users\ASUS\Documents\Sebastian\U\2022-1\DOO\DOO Parcial\DOO\CrossCutting\src\test\resources
2022-04-30 00:42:55,345 [Worker-9: Building] INFO  o.e.m.c.i.l.LifecycleMappingFactory - Using org.eclipse.m2e.jdt.JarLifecycleMapping lifecycle mapping for MavenProject: co.edu.uco.grades:BusinessLogicGrades:0.0.1-SNAPSHOT @ C:\Users\ASUS\Documents\Sebastian\U\2022-1\DOO\DOO Parcial\DOO\BusinessLogicGrades\pom.xml.
2022-04-30 00:42:55,348 [Worker-9: Building] INFO  o.e.m.c.i.p.WorkspaceClassifierResolverManager - Resolving P/DataGrades: co.edu.uco.grades:DataGrades:0.0.1-SNAPSHOT with classifier  to /DataGrades/target/classes
2022-04-30 00:42:55,348 [Worker-9: Building] INFO  o.e.m.c.i.p.WorkspaceClassifierResolverManager - Resolving P/DTOGrades: co.edu.uco.grades:DTOGrades:0.0.1-SNAPSHOT with classifier  to /DTOGrades/target/classes
2022-04-30 00:42:55,363 [Worker-9: Building] WARN  o.e.m.c.i.embedder.EclipseLogger - Using platform encoding (Cp1252 actually) to copy filtered resources, i.e. build is platform dependent!
2022-04-30 00:42:55,364 [Worker-9: Building] INFO  o.e.m.c.i.embedder.EclipseLogger - skip non existing resourceDirectory C:\Users\ASUS\Documents\Sebastian\U\2022-1\DOO\DOO Parcial\DOO\BusinessLogicGrades\src\main\resources
2022-04-30 00:42:55,366 [Worker-9: Building] WARN  o.e.m.c.i.embedder.EclipseLogger - Using platform encoding (Cp1252 actually) to copy filtered resources, i.e. build is platform dependent!
2022-04-30 00:42:55,368 [Worker-9: Building] INFO  o.e.m.c.i.embedder.EclipseLogger - skip non existing resourceDirectory C:\Users\ASUS\Documents\Sebastian\U\2022-1\DOO\DOO Parcial\DOO\BusinessLogicGrades\src\test\resources
2022-04-30 00:42:56,025 [Worker-14: Updating Maven Dependencies] INFO  o.e.m.c.i.l.LifecycleMappingFactory - Using org.eclipse.m2e.jdt.JarLifecycleMapping lifecycle mapping for MavenProject: co.edu.uco.grades:BusinessLogicGrades:0.0.1-SNAPSHOT @ C:\Users\ASUS\Documents\Sebastian\U\2022-1\DOO\DOO Parcial\DOO\BusinessLogicGrades\pom.xml.
2022-04-30 00:42:56,030 [Worker-14: Updating Maven Dependencies] INFO  o.e.m.c.i.p.WorkspaceClassifierResolverManager - Resolving P/DataGrades: co.edu.uco.grades:DataGrades:0.0.1-SNAPSHOT with classifier  to /DataGrades/target/classes
2022-04-30 00:42:56,031 [Worker-14: Updating Maven Dependencies] INFO  o.e.m.c.i.p.WorkspaceClassifierResolverManager - Resolving P/DTOGrades: co.edu.uco.grades:DTOGrades:0.0.1-SNAPSHOT with classifier  to /DTOGrades/target/classes
2022-04-30 00:42:56,487 [Worker-10: Building] INFO  o.e.m.c.i.p.WorkspaceClassifierResolverManager - Resolving P/DataGrades: co.edu.uco.grades:DataGrades:0.0.1-SNAPSHOT with classifier  to /DataGrades/target/classes
2022-04-30 00:42:56,487 [Worker-10: Building] INFO  o.e.m.c.i.p.WorkspaceClassifierResolverManager - Resolving P/DTOGrades: co.edu.uco.grades:DTOGrades:0.0.1-SNAPSHOT with classifier  to /DTOGrades/target/classes
2022-04-30 00:42:56,490 [Worker-10: Building] WARN  o.e.m.c.i.embedder.EclipseLogger - Using platform encoding (Cp1252 actually) to copy filtered resources, i.e. build is platform dependent!
2022-04-30 00:42:56,491 [Worker-10: Building] INFO  o.e.m.c.i.embedder.EclipseLogger - skip non existing resourceDirectory C:\Users\ASUS\Documents\Sebastian\U\2022-1\DOO\DOO Parcial\DOO\BusinessLogicGrades\src\main\resources
2022-04-30 00:42:56,493 [Worker-10: Building] WARN  o.e.m.c.i.embedder.EclipseLogger - Using platform encoding (Cp1252 actually) to copy filtered resources, i.e. build is platform dependent!
2022-04-30 00:42:56,493 [Worker-10: Building] INFO  o.e.m.c.i.embedder.EclipseLogger - skip non existing resourceDirectory C:\Users\ASUS\Documents\Sebastian\U\2022-1\DOO\DOO Parcial\DOO\BusinessLogicGrades\src\test\resources
2022-04-30 00:46:49,829 [Worker-1: Loading available Gradle versions] INFO  o.e.b.c.i.u.g.PublishedGradleVersions - Gradle version information cache is up-to-date. Trying to read.
2022-04-30 00:49:14,579 [Worker-3: Loading available Gradle versions] INFO  o.e.b.c.i.u.g.PublishedGradleVersions - Gradle version information cache is up-to-date. Trying to read.
2022-04-30 00:49:42,693 [Worker-5: Building] INFO  o.e.m.c.i.l.LifecycleMappingFactory - Using org.eclipse.m2e.jdt.JarLifecycleMapping lifecycle mapping for MavenProject: co.edu.uco.grades.api:ApiGrade:0.0.1-SNAPSHOT @ C:\Users\ASUS\Documents\Sebastian\U\2022-1\DOO\DOO Parcial\DOO\ApiGrade\pom.xml.
2022-04-30 00:49:43,436 [Worker-5: Building] INFO  o.e.m.c.i.embedder.EclipseLogger - Using 'UTF-8' encoding to copy filtered resources.
2022-04-30 00:49:43,437 [Worker-5: Building] INFO  o.e.m.c.i.embedder.EclipseLogger - Using 'UTF-8' encoding to copy filtered properties files.
2022-04-30 00:49:43,440 [Worker-5: Building] INFO  o.e.m.c.i.embedder.EclipseLogger - Copying 1 resource
2022-04-30 00:49:43,455 [Worker-5: Building] INFO  o.e.m.c.i.embedder.EclipseLogger - Copying 0 resource
2022-04-30 00:49:43,458 [Worker-5: Building] INFO  o.e.m.c.i.embedder.EclipseLogger - Using 'UTF-8' encoding to copy filtered resources.
2022-04-30 00:49:43,458 [Worker-5: Building] INFO  o.e.m.c.i.embedder.EclipseLogger - Using 'UTF-8' encoding to copy filtered properties files.
2022-04-30 00:49:43,458 [Worker-5: Building] INFO  o.e.m.c.i.embedder.EclipseLogger - skip non existing resourceDirectory C:\Users\ASUS\Documents\Sebastian\U\2022-1\DOO\DOO Parcial\DOO\ApiGrade\src\test\resources
2022-04-30 00:49:44,540 [Worker-12: Updating Maven Dependencies] INFO  o.e.m.c.i.l.LifecycleMappingFactory - Using org.eclipse.m2e.jdt.JarLifecycleMapping lifecycle mapping for MavenProject: co.edu.uco.grades.api:ApiGrade:0.0.1-SNAPSHOT @ C:\Users\ASUS\Documents\Sebastian\U\2022-1\DOO\DOO Parcial\DOO\ApiGrade\pom.xml.
2022-04-30 00:49:45,470 [Worker-0: Building] INFO  o.e.m.c.i.embedder.EclipseLogger - Using 'UTF-8' encoding to copy filtered resources.
2022-04-30 00:49:45,471 [Worker-0: Building] INFO  o.e.m.c.i.embedder.EclipseLogger - Using 'UTF-8' encoding to copy filtered properties files.
2022-04-30 00:49:45,475 [Worker-0: Building] INFO  o.e.m.c.i.embedder.EclipseLogger - Copying 1 resource
2022-04-30 00:49:45,489 [Worker-0: Building] INFO  o.e.m.c.i.embedder.EclipseLogger - Copying 0 resource
2022-04-30 00:49:45,492 [Worker-0: Building] INFO  o.e.m.c.i.embedder.EclipseLogger - Using 'UTF-8' encoding to copy filtered resources.
2022-04-30 00:49:45,492 [Worker-0: Building] INFO  o.e.m.c.i.embedder.EclipseLogger - Using 'UTF-8' encoding to copy filtered properties files.
2022-04-30 00:49:45,492 [Worker-0: Building] INFO  o.e.m.c.i.embedder.EclipseLogger - skip non existing resourceDirectory C:\Users\ASUS\Documents\Sebastian\U\2022-1\DOO\DOO Parcial\DOO\ApiGrade\src\test\resources
2022-04-30 00:50:40,543 [Worker-3: Loading available Gradle versions] INFO  o.e.b.c.i.u.g.PublishedGradleVersions - Gradle version information cache is up-to-date. Trying to read.
2022-04-30 00:51:03,696 [Worker-9: reload maven project] INFO  o.e.m.c.i.p.WorkspaceClassifierResolverManager - Resolving P/DataGrades: co.edu.uco.grades:DataGrades:0.0.1-SNAPSHOT with classifier  to /DataGrades/target/classes
2022-04-30 00:51:03,699 [Worker-9: reload maven project] INFO  o.e.m.c.i.p.WorkspaceClassifierResolverManager - Resolving P/DTOGrades: co.edu.uco.grades:DTOGrades:0.0.1-SNAPSHOT with classifier  to /DTOGrades/target/classes
2022-04-30 00:51:27,167 [Worker-4: reload maven project] INFO  o.e.m.c.i.p.WorkspaceClassifierResolverManager - Resolving P/DTOGrades: co.edu.uco.grades:DTOGrades:0.0.1-SNAPSHOT with classifier  to /DTOGrades/target/classes
2022-04-30 00:52:13,192 [Worker-16: Building] INFO  o.e.m.c.i.l.LifecycleMappingFactory - Using org.eclipse.m2e.jdt.JarLifecycleMapping lifecycle mapping for MavenProject: co.edu.uco.grades:BusinessLogicGrades:0.0.1-SNAPSHOT @ C:\Users\ASUS\Documents\Sebastian\U\2022-1\DOO\DOO Parcial\DOO\BusinessLogicGrades\pom.xml.
2022-04-30 00:52:13,206 [Worker-16: Building] WARN  o.e.m.c.i.embedder.EclipseLogger - The POM for co.edu.uco.crosscutting:CrossCutting:jar:0.0.1-SNAPSHOT is missing, no dependency information available
2022-04-30 00:52:13,209 [Worker-16: Building] INFO  o.e.m.c.i.p.WorkspaceClassifierResolverManager - Resolving P/DataGrades: co.edu.uco.grades:DataGrades:0.0.1-SNAPSHOT with classifier  to /DataGrades/target/classes
2022-04-30 00:52:13,209 [Worker-16: Building] INFO  o.e.m.c.i.p.WorkspaceClassifierResolverManager - Resolving P/DTOGrades: co.edu.uco.grades:DTOGrades:0.0.1-SNAPSHOT with classifier  to /DTOGrades/target/classes
2022-04-30 00:52:13,508 [Worker-9: Building] WARN  o.e.m.c.i.embedder.EclipseLogger - The POM for co.edu.uco.crosscutting:CrossCutting:jar:0.0.1-SNAPSHOT is missing, no dependency information available
2022-04-30 00:52:13,509 [Worker-9: Building] INFO  o.e.m.c.i.p.WorkspaceClassifierResolverManager - Resolving P/DataGrades: co.edu.uco.grades:DataGrades:0.0.1-SNAPSHOT with classifier  to /DataGrades/target/classes
2022-04-30 00:52:13,509 [Worker-9: Building] INFO  o.e.m.c.i.p.WorkspaceClassifierResolverManager - Resolving P/DTOGrades: co.edu.uco.grades:DTOGrades:0.0.1-SNAPSHOT with classifier  to /DTOGrades/target/classes
2022-04-30 00:52:13,684 [Worker-9: Building] WARN  o.e.m.c.i.embedder.EclipseLogger - Using platform encoding (Cp1252 actually) to copy filtered resources, i.e. build is platform dependent!
2022-04-30 00:52:13,686 [Worker-9: Building] INFO  o.e.m.c.i.embedder.EclipseLogger - skip non existing resourceDirectory C:\Users\ASUS\Documents\Sebastian\U\2022-1\DOO\DOO Parcial\DOO\BusinessLogicGrades\src\main\resources
2022-04-30 00:52:13,689 [Worker-9: Building] WARN  o.e.m.c.i.embedder.EclipseLogger - Using platform encoding (Cp1252 actually) to copy filtered resources, i.e. build is platform dependent!
2022-04-30 00:52:13,690 [Worker-9: Building] INFO  o.e.m.c.i.embedder.EclipseLogger - skip non existing resourceDirectory C:\Users\ASUS\Documents\Sebastian\U\2022-1\DOO\DOO Parcial\DOO\BusinessLogicGrades\src\test\resources
2022-04-30 00:52:25,593 [Worker-21: Building] INFO  o.e.m.c.i.l.LifecycleMappingFactory - Using org.eclipse.m2e.jdt.JarLifecycleMapping lifecycle mapping for MavenProject: co.edu.uco.grades:DTOGrades:0.0.1-SNAPSHOT @ C:\Users\ASUS\Documents\Sebastian\U\2022-1\DOO\DOO Parcial\DOO\DTOGrades\pom.xml.
2022-04-30 00:52:25,595 [Worker-21: Building] WARN  o.e.m.c.i.embedder.EclipseLogger - The POM for co.edu.uco.crosscutting:CrossCutting:jar:0.0.1-SNAPSHOT is missing, no dependency information available
2022-04-30 00:52:25,637 [Worker-21: Building] INFO  o.e.m.c.i.l.LifecycleMappingFactory - Using org.eclipse.m2e.jdt.JarLifecycleMapping lifecycle mapping for MavenProject: co.edu.uco.grades:DataGrades:0.0.1-SNAPSHOT @ C:\Users\ASUS\Documents\Sebastian\U\2022-1\DOO\DOO Parcial\DOO\DataGrades\pom.xml.
2022-04-30 00:52:25,640 [Worker-21: Building] INFO  o.e.m.c.i.p.WorkspaceClassifierResolverManager - Resolving P/DTOGrades: co.edu.uco.grades:DTOGrades:0.0.1-SNAPSHOT with classifier  to /DTOGrades/target/classes
2022-04-30 00:52:25,682 [Worker-21: Building] INFO  o.e.m.c.i.l.LifecycleMappingFactory - Using org.eclipse.m2e.jdt.JarLifecycleMapping lifecycle mapping for MavenProject: co.edu.uco.grades:BusinessLogicGrades:0.0.1-SNAPSHOT @ C:\Users\ASUS\Documents\Sebastian\U\2022-1\DOO\DOO Parcial\DOO\BusinessLogicGrades\pom.xml.
2022-04-30 00:52:25,685 [Worker-21: Building] INFO  o.e.m.c.i.p.WorkspaceClassifierResolverManager - Resolving P/DataGrades: co.edu.uco.grades:DataGrades:0.0.1-SNAPSHOT with classifier  to /DataGrades/target/classes
2022-04-30 00:52:25,685 [Worker-21: Building] INFO  o.e.m.c.i.p.WorkspaceClassifierResolverManager - Resolving P/DTOGrades: co.edu.uco.grades:DTOGrades:0.0.1-SNAPSHOT with classifier  to /DTOGrades/target/classes
2022-04-30 00:52:25,841 [Worker-21: Building] WARN  o.e.m.c.i.embedder.EclipseLogger - Using platform encoding (Cp1252 actually) to copy filtered resources, i.e. build is platform dependent!
2022-04-30 00:52:25,842 [Worker-21: Building] INFO  o.e.m.c.i.embedder.EclipseLogger - skip non existing resourceDirectory C:\Users\ASUS\Documents\Sebastian\U\2022-1\DOO\DOO Parcial\DOO\DTOGrades\src\main\resources
2022-04-30 00:52:25,843 [Worker-21: Building] WARN  o.e.m.c.i.embedder.EclipseLogger - Using platform encoding (Cp1252 actually) to copy filtered resources, i.e. build is platform dependent!
2022-04-30 00:52:25,844 [Worker-21: Building] INFO  o.e.m.c.i.embedder.EclipseLogger - skip non existing resourceDirectory C:\Users\ASUS\Documents\Sebastian\U\2022-1\DOO\DOO Parcial\DOO\DTOGrades\src\test\resources
2022-04-30 00:52:25,851 [Worker-21: Building] WARN  o.e.m.c.i.embedder.EclipseLogger - The POM for co.edu.uco.crosscutting:CrossCutting:jar:0.0.1-SNAPSHOT is missing, no dependency information available
2022-04-30 00:52:25,852 [Worker-21: Building] INFO  o.e.m.c.i.p.WorkspaceClassifierResolverManager - Resolving P/DTOGrades: co.edu.uco.grades:DTOGrades:0.0.1-SNAPSHOT with classifier  to /DTOGrades/target/classes
2022-04-30 00:52:25,854 [Worker-21: Building] WARN  o.e.m.c.i.embedder.EclipseLogger - Using platform encoding (Cp1252 actually) to copy filtered resources, i.e. build is platform dependent!
2022-04-30 00:52:25,854 [Worker-21: Building] INFO  o.e.m.c.i.embedder.EclipseLogger - skip non existing resourceDirectory C:\Users\ASUS\Documents\Sebastian\U\2022-1\DOO\DOO Parcial\DOO\DataGrades\src\main\resources
2022-04-30 00:52:25,856 [Worker-21: Building] WARN  o.e.m.c.i.embedder.EclipseLogger - Using platform encoding (Cp1252 actually) to copy filtered resources, i.e. build is platform dependent!
2022-04-30 00:52:25,857 [Worker-21: Building] INFO  o.e.m.c.i.embedder.EclipseLogger - skip non existing resourceDirectory C:\Users\ASUS\Documents\Sebastian\U\2022-1\DOO\DOO Parcial\DOO\DataGrades\src\test\resources
2022-04-30 00:52:25,864 [Worker-21: Building] WARN  o.e.m.c.i.embedder.EclipseLogger - The POM for co.edu.uco.crosscutting:CrossCutting:jar:0.0.1-SNAPSHOT is missing, no dependency information available
2022-04-30 00:52:25,864 [Worker-21: Building] INFO  o.e.m.c.i.p.WorkspaceClassifierResolverManager - Resolving P/DataGrades: co.edu.uco.grades:DataGrades:0.0.1-SNAPSHOT with classifier  to /DataGrades/target/classes
2022-04-30 00:52:25,864 [Worker-21: Building] INFO  o.e.m.c.i.p.WorkspaceClassifierResolverManager - Resolving P/DTOGrades: co.edu.uco.grades:DTOGrades:0.0.1-SNAPSHOT with classifier  to /DTOGrades/target/classes
2022-04-30 00:52:25,867 [Worker-21: Building] WARN  o.e.m.c.i.embedder.EclipseLogger - Using platform encoding (Cp1252 actually) to copy filtered resources, i.e. build is platform dependent!
2022-04-30 00:52:25,867 [Worker-21: Building] INFO  o.e.m.c.i.embedder.EclipseLogger - skip non existing resourceDirectory C:\Users\ASUS\Documents\Sebastian\U\2022-1\DOO\DOO Parcial\DOO\BusinessLogicGrades\src\main\resources
2022-04-30 00:52:25,868 [Worker-21: Building] WARN  o.e.m.c.i.embedder.EclipseLogger - Using platform encoding (Cp1252 actually) to copy filtered resources, i.e. build is platform dependent!
2022-04-30 00:52:25,869 [Worker-21: Building] INFO  o.e.m.c.i.embedder.EclipseLogger - skip non existing resourceDirectory C:\Users\ASUS\Documents\Sebastian\U\2022-1\DOO\DOO Parcial\DOO\BusinessLogicGrades\src\test\resources
2022-04-30 00:52:30,445 [Worker-4: Building] INFO  o.e.m.c.i.l.LifecycleMappingFactory - Using org.eclipse.m2e.jdt.JarLifecycleMapping lifecycle mapping for MavenProject: co.edu.uco.grades:DataGrades:0.0.1-SNAPSHOT @ C:\Users\ASUS\Documents\Sebastian\U\2022-1\DOO\DOO Parcial\DOO\DataGrades\pom.xml.
2022-04-30 00:52:30,447 [Worker-4: Building] WARN  o.e.m.c.i.embedder.EclipseLogger - The POM for co.edu.uco.crosscutting:CrossCutting:jar:0.0.1-SNAPSHOT is missing, no dependency information available
2022-04-30 00:52:30,448 [Worker-4: Building] INFO  o.e.m.c.i.p.WorkspaceClassifierResolverManager - Resolving P/DTOGrades: co.edu.uco.grades:DTOGrades:0.0.1-SNAPSHOT with classifier  to /DTOGrades/target/classes
2022-04-30 00:52:30,562 [Worker-4: Building] WARN  o.e.m.c.i.embedder.EclipseLogger - Using platform encoding (Cp1252 actually) to copy filtered resources, i.e. build is platform dependent!
2022-04-30 00:52:30,563 [Worker-4: Building] INFO  o.e.m.c.i.embedder.EclipseLogger - skip non existing resourceDirectory C:\Users\ASUS\Documents\Sebastian\U\2022-1\DOO\DOO Parcial\DOO\DataGrades\src\main\resources
2022-04-30 00:52:30,565 [Worker-4: Building] WARN  o.e.m.c.i.embedder.EclipseLogger - Using platform encoding (Cp1252 actually) to copy filtered resources, i.e. build is platform dependent!
2022-04-30 00:52:30,566 [Worker-4: Building] INFO  o.e.m.c.i.embedder.EclipseLogger - skip non existing resourceDirectory C:\Users\ASUS\Documents\Sebastian\U\2022-1\DOO\DOO Parcial\DOO\DataGrades\src\test\resources
2022-04-30 00:52:40,205 [Worker-20: reload maven project] WARN  o.e.m.c.i.embedder.EclipseLogger - The POM for co.edu.uco.crosscutting:CrossCutting:jar:0.0.1-SNAPSHOT is missing, no dependency information available
2022-04-30 00:53:25,105 [Worker-0: Building] INFO  o.e.m.c.i.l.LifecycleMappingFactory - Using org.eclipse.m2e.jdt.JarLifecycleMapping lifecycle mapping for MavenProject: co.edu.uco.grades:DTOGrades:0.0.1-SNAPSHOT @ C:\Users\ASUS\Documents\Sebastian\U\2022-1\DOO\DOO Parcial\DOO\DTOGrades\pom.xml.
2022-04-30 00:53:25,106 [Worker-0: Building] WARN  o.e.m.c.i.embedder.EclipseLogger - The POM for co.edu.uco.crosscutting:CrossCutting:jar:0.0.1-SNAPSHOT is missing, no dependency information available
2022-04-30 00:53:25,155 [Worker-0: Building] WARN  o.e.m.c.i.embedder.EclipseLogger - Using platform encoding (Cp1252 actually) to copy filtered resources, i.e. build is platform dependent!
2022-04-30 00:53:25,156 [Worker-0: Building] INFO  o.e.m.c.i.embedder.EclipseLogger - skip non existing resourceDirectory C:\Users\ASUS\Documents\Sebastian\U\2022-1\DOO\DOO Parcial\DOO\DTOGrades\src\main\resources
2022-04-30 00:53:25,157 [Worker-0: Building] WARN  o.e.m.c.i.embedder.EclipseLogger - Using platform encoding (Cp1252 actually) to copy filtered resources, i.e. build is platform dependent!
2022-04-30 00:53:25,159 [Worker-0: Building] INFO  o.e.m.c.i.embedder.EclipseLogger - skip non existing resourceDirectory C:\Users\ASUS\Documents\Sebastian\U\2022-1\DOO\DOO Parcial\DOO\DTOGrades\src\test\resources
2022-04-30 00:54:13,449 [Worker-4: Building] INFO  o.e.m.c.i.l.LifecycleMappingFactory - Using org.eclipse.m2e.jdt.JarLifecycleMapping lifecycle mapping for MavenProject: co.edu.uco.grades.api:ApiGrade:0.0.1-SNAPSHOT @ C:\Users\ASUS\Documents\Sebastian\U\2022-1\DOO\DOO Parcial\DOO\ApiGrade\pom.xml.
2022-04-30 00:54:13,540 [Worker-4: Building] WARN  o.e.m.c.i.embedder.EclipseLogger - The POM for co.edu.uco.crosscutting:CrossCutting:jar:0.0.1-SNAPSHOT is missing, no dependency information available
2022-04-30 00:54:13,552 [Worker-4: Building] INFO  o.e.m.c.i.p.WorkspaceClassifierResolverManager - Resolving P/DataGrades: co.edu.uco.grades:DataGrades:0.0.1-SNAPSHOT with classifier  to /DataGrades/target/classes
2022-04-30 00:54:13,553 [Worker-4: Building] INFO  o.e.m.c.i.p.WorkspaceClassifierResolverManager - Resolving P/BusinessLogicGrades: co.edu.uco.grades:BusinessLogicGrades:0.0.1-SNAPSHOT with classifier  to /BusinessLogicGrades/target/classes
2022-04-30 00:54:13,553 [Worker-4: Building] INFO  o.e.m.c.i.p.WorkspaceClassifierResolverManager - Resolving P/DTOGrades: co.edu.uco.grades:DTOGrades:0.0.1-SNAPSHOT with classifier  to /DTOGrades/target/classes
2022-04-30 00:54:13,861 [Worker-4: Building] INFO  o.e.m.c.i.embedder.EclipseLogger - Using 'UTF-8' encoding to copy filtered resources.
2022-04-30 00:54:13,861 [Worker-4: Building] INFO  o.e.m.c.i.embedder.EclipseLogger - Using 'UTF-8' encoding to copy filtered properties files.
2022-04-30 00:54:13,868 [Worker-4: Building] INFO  o.e.m.c.i.embedder.EclipseLogger - Copying 1 resource
2022-04-30 00:54:13,901 [Worker-4: Building] INFO  o.e.m.c.i.embedder.EclipseLogger - Copying 0 resource
2022-04-30 00:54:13,907 [Worker-4: Building] INFO  o.e.m.c.i.embedder.EclipseLogger - Using 'UTF-8' encoding to copy filtered resources.
2022-04-30 00:54:13,907 [Worker-4: Building] INFO  o.e.m.c.i.embedder.EclipseLogger - Using 'UTF-8' encoding to copy filtered properties files.
2022-04-30 00:54:13,907 [Worker-4: Building] INFO  o.e.m.c.i.embedder.EclipseLogger - skip non existing resourceDirectory C:\Users\ASUS\Documents\Sebastian\U\2022-1\DOO\DOO Parcial\DOO\ApiGrade\src\test\resources
2022-04-30 00:54:14,238 [Worker-2: Building] WARN  o.e.m.c.i.embedder.EclipseLogger - The POM for co.edu.uco.crosscutting:CrossCutting:jar:0.0.1-SNAPSHOT is missing, no dependency information available
2022-04-30 00:54:14,254 [Worker-2: Building] INFO  o.e.m.c.i.p.WorkspaceClassifierResolverManager - Resolving P/DataGrades: co.edu.uco.grades:DataGrades:0.0.1-SNAPSHOT with classifier  to /DataGrades/target/classes
2022-04-30 00:54:14,254 [Worker-2: Building] INFO  o.e.m.c.i.p.WorkspaceClassifierResolverManager - Resolving P/BusinessLogicGrades: co.edu.uco.grades:BusinessLogicGrades:0.0.1-SNAPSHOT with classifier  to /BusinessLogicGrades/target/classes
2022-04-30 00:54:14,254 [Worker-2: Building] INFO  o.e.m.c.i.p.WorkspaceClassifierResolverManager - Resolving P/DTOGrades: co.edu.uco.grades:DTOGrades:0.0.1-SNAPSHOT with classifier  to /DTOGrades/target/classes
2022-04-30 00:54:14,259 [Worker-2: Building] INFO  o.e.m.c.i.embedder.EclipseLogger - Using 'UTF-8' encoding to copy filtered resources.
2022-04-30 00:54:14,259 [Worker-2: Building] INFO  o.e.m.c.i.embedder.EclipseLogger - Using 'UTF-8' encoding to copy filtered properties files.
2022-04-30 00:54:14,259 [Worker-2: Building] INFO  o.e.m.c.i.embedder.EclipseLogger - Copying 1 resource
2022-04-30 00:54:14,267 [Worker-2: Building] INFO  o.e.m.c.i.embedder.EclipseLogger - Copying 0 resource
2022-04-30 00:54:14,269 [Worker-2: Building] INFO  o.e.m.c.i.embedder.EclipseLogger - Using 'UTF-8' encoding to copy filtered resources.
2022-04-30 00:54:14,269 [Worker-2: Building] INFO  o.e.m.c.i.embedder.EclipseLogger - Using 'UTF-8' encoding to copy filtered properties files.
2022-04-30 00:54:14,269 [Worker-2: Building] INFO  o.e.m.c.i.embedder.EclipseLogger - skip non existing resourceDirectory C:\Users\ASUS\Documents\Sebastian\U\2022-1\DOO\DOO Parcial\DOO\ApiGrade\src\test\resources
2022-04-30 00:54:14,414 [Worker-16: Building] INFO  o.e.m.c.i.embedder.EclipseLogger - Using 'UTF-8' encoding to copy filtered resources.
2022-04-30 00:54:14,414 [Worker-16: Building] INFO  o.e.m.c.i.embedder.EclipseLogger - Using 'UTF-8' encoding to copy filtered properties files.
2022-04-30 00:54:14,414 [Worker-16: Building] INFO  o.e.m.c.i.embedder.EclipseLogger - Copying 1 resource
2022-04-30 00:54:14,420 [Worker-16: Building] INFO  o.e.m.c.i.embedder.EclipseLogger - Copying 0 resource
2022-04-30 00:54:14,422 [Worker-16: Building] INFO  o.e.m.c.i.embedder.EclipseLogger - Using 'UTF-8' encoding to copy filtered resources.
2022-04-30 00:54:14,422 [Worker-16: Building] INFO  o.e.m.c.i.embedder.EclipseLogger - Using 'UTF-8' encoding to copy filtered properties files.
2022-04-30 00:54:14,422 [Worker-16: Building] INFO  o.e.m.c.i.embedder.EclipseLogger - skip non existing resourceDirectory C:\Users\ASUS\Documents\Sebastian\U\2022-1\DOO\DOO Parcial\DOO\ApiGrade\src\test\resources
2022-04-30 00:55:19,640 [Worker-5: reload maven project] INFO  o.e.m.c.i.p.WorkspaceClassifierResolverManager - Resolving P/CrossCutting: co.edu.uco.Crosscutting:CrossCutting:0.0.1-SNAPSHOT with classifier  to /CrossCutting/target/classes
2022-04-30 00:55:19,781 [Worker-20: Building] INFO  o.e.m.c.i.l.LifecycleMappingFactory - Using org.eclipse.m2e.jdt.JarLifecycleMapping lifecycle mapping for MavenProject: co.edu.uco.grades:DTOGrades:0.0.1-SNAPSHOT @ C:\Users\ASUS\Documents\Sebastian\U\2022-1\DOO\DOO Parcial\DOO\DTOGrades\pom.xml.
2022-04-30 00:55:19,783 [Worker-20: Building] INFO  o.e.m.c.i.p.WorkspaceClassifierResolverManager - Resolving P/CrossCutting: co.edu.uco.Crosscutting:CrossCutting:0.0.1-SNAPSHOT with classifier  to /CrossCutting/target/classes
2022-04-30 00:55:19,806 [Worker-20: Building] INFO  o.e.m.c.i.l.LifecycleMappingFactory - Using org.eclipse.m2e.jdt.JarLifecycleMapping lifecycle mapping for MavenProject: co.edu.uco.grades:BusinessLogicGrades:0.0.1-SNAPSHOT @ C:\Users\ASUS\Documents\Sebastian\U\2022-1\DOO\DOO Parcial\DOO\BusinessLogicGrades\pom.xml.
2022-04-30 00:55:19,808 [Worker-20: Building] WARN  o.e.m.c.i.embedder.EclipseLogger - The POM for co.edu.uco.crosscutting:CrossCutting:jar:0.0.1-SNAPSHOT is missing, no dependency information available
2022-04-30 00:55:19,810 [Worker-20: Building] INFO  o.e.m.c.i.p.WorkspaceClassifierResolverManager - Resolving P/DataGrades: co.edu.uco.grades:DataGrades:0.0.1-SNAPSHOT with classifier  to /DataGrades/target/classes
2022-04-30 00:55:19,810 [Worker-20: Building] INFO  o.e.m.c.i.p.WorkspaceClassifierResolverManager - Resolving P/DTOGrades: co.edu.uco.grades:DTOGrades:0.0.1-SNAPSHOT with classifier  to /DTOGrades/target/classes
2022-04-30 00:55:19,810 [Worker-20: Building] INFO  o.e.m.c.i.p.WorkspaceClassifierResolverManager - Resolving P/CrossCutting: co.edu.uco.Crosscutting:CrossCutting:0.0.1-SNAPSHOT with classifier  to /CrossCutting/target/classes
2022-04-30 00:55:19,843 [Worker-20: Building] INFO  o.e.m.c.i.l.LifecycleMappingFactory - Using org.eclipse.m2e.jdt.JarLifecycleMapping lifecycle mapping for MavenProject: co.edu.uco.grades:DataGrades:0.0.1-SNAPSHOT @ C:\Users\ASUS\Documents\Sebastian\U\2022-1\DOO\DOO Parcial\DOO\DataGrades\pom.xml.
2022-04-30 00:55:19,845 [Worker-20: Building] INFO  o.e.m.c.i.p.WorkspaceClassifierResolverManager - Resolving P/DTOGrades: co.edu.uco.grades:DTOGrades:0.0.1-SNAPSHOT with classifier  to /DTOGrades/target/classes
2022-04-30 00:55:19,846 [Worker-20: Building] INFO  o.e.m.c.i.p.WorkspaceClassifierResolverManager - Resolving P/CrossCutting: co.edu.uco.Crosscutting:CrossCutting:0.0.1-SNAPSHOT with classifier  to /CrossCutting/target/classes
2022-04-30 00:55:19,981 [Worker-20: Building] INFO  o.e.m.c.i.l.LifecycleMappingFactory - Using org.eclipse.m2e.jdt.JarLifecycleMapping lifecycle mapping for MavenProject: co.edu.uco.grades.api:ApiGrade:0.0.1-SNAPSHOT @ C:\Users\ASUS\Documents\Sebastian\U\2022-1\DOO\DOO Parcial\DOO\ApiGrade\pom.xml.
2022-04-30 00:55:20,082 [Worker-20: Building] INFO  o.e.m.c.i.p.WorkspaceClassifierResolverManager - Resolving P/DataGrades: co.edu.uco.grades:DataGrades:0.0.1-SNAPSHOT with classifier  to /DataGrades/target/classes
2022-04-30 00:55:20,082 [Worker-20: Building] INFO  o.e.m.c.i.p.WorkspaceClassifierResolverManager - Resolving P/BusinessLogicGrades: co.edu.uco.grades:BusinessLogicGrades:0.0.1-SNAPSHOT with classifier  to /BusinessLogicGrades/target/classes
2022-04-30 00:55:20,082 [Worker-20: Building] INFO  o.e.m.c.i.p.WorkspaceClassifierResolverManager - Resolving P/DTOGrades: co.edu.uco.grades:DTOGrades:0.0.1-SNAPSHOT with classifier  to /DTOGrades/target/classes
2022-04-30 00:55:20,082 [Worker-20: Building] INFO  o.e.m.c.i.p.WorkspaceClassifierResolverManager - Resolving P/CrossCutting: co.edu.uco.Crosscutting:CrossCutting:0.0.1-SNAPSHOT with classifier  to /CrossCutting/target/classes
2022-04-30 00:55:20,115 [Worker-20: Building] INFO  o.e.m.c.i.l.LifecycleMappingFactory - Using org.eclipse.m2e.jdt.JarLifecycleMapping lifecycle mapping for MavenProject: co.edu.uco.grades:BusinessLogicGrades:0.0.1-SNAPSHOT @ C:\Users\ASUS\Documents\Sebastian\U\2022-1\DOO\DOO Parcial\DOO\BusinessLogicGrades\pom.xml.
2022-04-30 00:55:20,116 [Worker-20: Building] INFO  o.e.m.c.i.p.WorkspaceClassifierResolverManager - Resolving P/DataGrades: co.edu.uco.grades:DataGrades:0.0.1-SNAPSHOT with classifier  to /DataGrades/target/classes
2022-04-30 00:55:20,116 [Worker-20: Building] INFO  o.e.m.c.i.p.WorkspaceClassifierResolverManager - Resolving P/DTOGrades: co.edu.uco.grades:DTOGrades:0.0.1-SNAPSHOT with classifier  to /DTOGrades/target/classes
2022-04-30 00:55:20,116 [Worker-20: Building] INFO  o.e.m.c.i.p.WorkspaceClassifierResolverManager - Resolving P/CrossCutting: co.edu.uco.Crosscutting:CrossCutting:0.0.1-SNAPSHOT with classifier  to /CrossCutting/target/classes
2022-04-30 00:55:20,499 [Worker-11: Building] INFO  o.e.m.c.i.p.WorkspaceClassifierResolverManager - Resolving P/CrossCutting: co.edu.uco.Crosscutting:CrossCutting:0.0.1-SNAPSHOT with classifier  to /CrossCutting/target/classes
2022-04-30 00:55:20,508 [Worker-11: Building] WARN  o.e.m.c.i.embedder.EclipseLogger - Using platform encoding (Cp1252 actually) to copy filtered resources, i.e. build is platform dependent!
2022-04-30 00:55:20,510 [Worker-11: Building] INFO  o.e.m.c.i.embedder.EclipseLogger - skip non existing resourceDirectory C:\Users\ASUS\Documents\Sebastian\U\2022-1\DOO\DOO Parcial\DOO\DTOGrades\src\main\resources
2022-04-30 00:55:20,513 [Worker-11: Building] WARN  o.e.m.c.i.embedder.EclipseLogger - Using platform encoding (Cp1252 actually) to copy filtered resources, i.e. build is platform dependent!
2022-04-30 00:55:20,515 [Worker-11: Building] INFO  o.e.m.c.i.embedder.EclipseLogger - skip non existing resourceDirectory C:\Users\ASUS\Documents\Sebastian\U\2022-1\DOO\DOO Parcial\DOO\DTOGrades\src\test\resources
2022-04-30 00:55:30,326 [Worker-1: reload maven project] WARN  o.e.m.c.i.embedder.EclipseLogger - The POM for co.edu.uco.crosscutting:CrossCutting:jar:0.0.1-SNAPSHOT is missing, no dependency information available
2022-04-30 00:55:30,327 [Worker-1: reload maven project] INFO  o.e.m.c.i.p.WorkspaceClassifierResolverManager - Resolving P/DTOGrades: co.edu.uco.grades:DTOGrades:0.0.1-SNAPSHOT with classifier  to /DTOGrades/target/classes
2022-04-30 00:55:30,327 [Worker-1: reload maven project] INFO  o.e.m.c.i.p.WorkspaceClassifierResolverManager - Resolving P/CrossCutting: co.edu.uco.Crosscutting:CrossCutting:0.0.1-SNAPSHOT with classifier  to /CrossCutting/target/classes
2022-04-30 00:55:46,952 [Worker-13: Building] INFO  o.e.m.c.i.l.LifecycleMappingFactory - Using org.eclipse.m2e.jdt.JarLifecycleMapping lifecycle mapping for MavenProject: co.edu.uco.grades:DataGrades:0.0.1-SNAPSHOT @ C:\Users\ASUS\Documents\Sebastian\U\2022-1\DOO\DOO Parcial\DOO\DataGrades\pom.xml.
2022-04-30 00:55:46,955 [Worker-13: Building] INFO  o.e.m.c.i.p.WorkspaceClassifierResolverManager - Resolving P/DTOGrades: co.edu.uco.grades:DTOGrades:0.0.1-SNAPSHOT with classifier  to /DTOGrades/target/classes
2022-04-30 00:55:46,955 [Worker-13: Building] INFO  o.e.m.c.i.p.WorkspaceClassifierResolverManager - Resolving P/CrossCutting: co.edu.uco.Crosscutting:CrossCutting:0.0.1-SNAPSHOT with classifier  to /CrossCutting/target/classes
2022-04-30 00:55:47,061 [Worker-13: Building] INFO  o.e.m.c.i.l.LifecycleMappingFactory - Using org.eclipse.m2e.jdt.JarLifecycleMapping lifecycle mapping for MavenProject: co.edu.uco.grades.api:ApiGrade:0.0.1-SNAPSHOT @ C:\Users\ASUS\Documents\Sebastian\U\2022-1\DOO\DOO Parcial\DOO\ApiGrade\pom.xml.
2022-04-30 00:55:47,145 [Worker-13: Building] WARN  o.e.m.c.i.embedder.EclipseLogger - The POM for co.edu.uco.crosscutting:CrossCutting:jar:0.0.1-SNAPSHOT is missing, no dependency information available
2022-04-30 00:55:47,153 [Worker-13: Building] INFO  o.e.m.c.i.p.WorkspaceClassifierResolverManager - Resolving P/DataGrades: co.edu.uco.grades:DataGrades:0.0.1-SNAPSHOT with classifier  to /DataGrades/target/classes
2022-04-30 00:55:47,153 [Worker-13: Building] INFO  o.e.m.c.i.p.WorkspaceClassifierResolverManager - Resolving P/CrossCutting: co.edu.uco.Crosscutting:CrossCutting:0.0.1-SNAPSHOT with classifier  to /CrossCutting/target/classes
2022-04-30 00:55:47,153 [Worker-13: Building] INFO  o.e.m.c.i.p.WorkspaceClassifierResolverManager - Resolving P/BusinessLogicGrades: co.edu.uco.grades:BusinessLogicGrades:0.0.1-SNAPSHOT with classifier  to /BusinessLogicGrades/target/classes
2022-04-30 00:55:47,153 [Worker-13: Building] INFO  o.e.m.c.i.p.WorkspaceClassifierResolverManager - Resolving P/DTOGrades: co.edu.uco.grades:DTOGrades:0.0.1-SNAPSHOT with classifier  to /DTOGrades/target/classes
2022-04-30 00:55:47,180 [Worker-13: Building] INFO  o.e.m.c.i.l.LifecycleMappingFactory - Using org.eclipse.m2e.jdt.JarLifecycleMapping lifecycle mapping for MavenProject: co.edu.uco.grades:BusinessLogicGrades:0.0.1-SNAPSHOT @ C:\Users\ASUS\Documents\Sebastian\U\2022-1\DOO\DOO Parcial\DOO\BusinessLogicGrades\pom.xml.
2022-04-30 00:55:47,182 [Worker-13: Building] INFO  o.e.m.c.i.p.WorkspaceClassifierResolverManager - Resolving P/DataGrades: co.edu.uco.grades:DataGrades:0.0.1-SNAPSHOT with classifier  to /DataGrades/target/classes
2022-04-30 00:55:47,182 [Worker-13: Building] INFO  o.e.m.c.i.p.WorkspaceClassifierResolverManager - Resolving P/CrossCutting: co.edu.uco.Crosscutting:CrossCutting:0.0.1-SNAPSHOT with classifier  to /CrossCutting/target/classes
2022-04-30 00:55:47,182 [Worker-13: Building] INFO  o.e.m.c.i.p.WorkspaceClassifierResolverManager - Resolving P/DTOGrades: co.edu.uco.grades:DTOGrades:0.0.1-SNAPSHOT with classifier  to /DTOGrades/target/classes
2022-04-30 00:55:47,313 [Worker-13: Building] INFO  o.e.m.c.i.l.LifecycleMappingFactory - Using org.eclipse.m2e.jdt.JarLifecycleMapping lifecycle mapping for MavenProject: co.edu.uco.grades.api:ApiGrade:0.0.1-SNAPSHOT @ C:\Users\ASUS\Documents\Sebastian\U\2022-1\DOO\DOO Parcial\DOO\ApiGrade\pom.xml.
2022-04-30 00:55:47,325 [Worker-13: Building] INFO  o.e.m.c.i.p.WorkspaceClassifierResolverManager - Resolving P/DataGrades: co.edu.uco.grades:DataGrades:0.0.1-SNAPSHOT with classifier  to /DataGrades/target/classes
2022-04-30 00:55:47,325 [Worker-13: Building] INFO  o.e.m.c.i.p.WorkspaceClassifierResolverManager - Resolving P/CrossCutting: co.edu.uco.Crosscutting:CrossCutting:0.0.1-SNAPSHOT with classifier  to /CrossCutting/target/classes
2022-04-30 00:55:47,325 [Worker-13: Building] INFO  o.e.m.c.i.p.WorkspaceClassifierResolverManager - Resolving P/BusinessLogicGrades: co.edu.uco.grades:BusinessLogicGrades:0.0.1-SNAPSHOT with classifier  to /BusinessLogicGrades/target/classes
2022-04-30 00:55:47,326 [Worker-13: Building] INFO  o.e.m.c.i.p.WorkspaceClassifierResolverManager - Resolving P/DTOGrades: co.edu.uco.grades:DTOGrades:0.0.1-SNAPSHOT with classifier  to /DTOGrades/target/classes
2022-04-30 00:55:47,677 [Worker-14: Building] INFO  o.e.m.c.i.p.WorkspaceClassifierResolverManager - Resolving P/DTOGrades: co.edu.uco.grades:DTOGrades:0.0.1-SNAPSHOT with classifier  to /DTOGrades/target/classes
2022-04-30 00:55:47,678 [Worker-14: Building] INFO  o.e.m.c.i.p.WorkspaceClassifierResolverManager - Resolving P/CrossCutting: co.edu.uco.Crosscutting:CrossCutting:0.0.1-SNAPSHOT with classifier  to /CrossCutting/target/classes
2022-04-30 00:55:47,684 [Worker-14: Building] WARN  o.e.m.c.i.embedder.EclipseLogger - Using platform encoding (Cp1252 actually) to copy filtered resources, i.e. build is platform dependent!
2022-04-30 00:55:47,685 [Worker-14: Building] INFO  o.e.m.c.i.embedder.EclipseLogger - skip non existing resourceDirectory C:\Users\ASUS\Documents\Sebastian\U\2022-1\DOO\DOO Parcial\DOO\DataGrades\src\main\resources
2022-04-30 00:55:47,689 [Worker-14: Building] WARN  o.e.m.c.i.embedder.EclipseLogger - Using platform encoding (Cp1252 actually) to copy filtered resources, i.e. build is platform dependent!
2022-04-30 00:55:47,690 [Worker-14: Building] INFO  o.e.m.c.i.embedder.EclipseLogger - skip non existing resourceDirectory C:\Users\ASUS\Documents\Sebastian\U\2022-1\DOO\DOO Parcial\DOO\DataGrades\src\test\resources
2022-04-30 00:56:05,990 [Worker-13: reload maven project] INFO  o.e.m.c.i.p.WorkspaceClassifierResolverManager - Resolving P/DataGrades: co.edu.uco.grades:DataGrades:0.0.1-SNAPSHOT with classifier  to /DataGrades/target/classes
2022-04-30 00:56:05,991 [Worker-13: reload maven project] INFO  o.e.m.c.i.p.WorkspaceClassifierResolverManager - Resolving P/DTOGrades: co.edu.uco.grades:DTOGrades:0.0.1-SNAPSHOT with classifier  to /DTOGrades/target/classes
2022-04-30 00:56:05,991 [Worker-13: reload maven project] INFO  o.e.m.c.i.p.WorkspaceClassifierResolverManager - Resolving P/CrossCutting: co.edu.uco.Crosscutting:CrossCutting:0.0.1-SNAPSHOT with classifier  to /CrossCutting/target/classes
2022-04-30 00:56:06,642 [Worker-20: Building] INFO  o.e.m.c.i.l.LifecycleMappingFactory - Using org.eclipse.m2e.jdt.JarLifecycleMapping lifecycle mapping for MavenProject: co.edu.uco.grades:BusinessLogicGrades:0.0.1-SNAPSHOT @ C:\Users\ASUS\Documents\Sebastian\U\2022-1\DOO\DOO Parcial\DOO\BusinessLogicGrades\pom.xml.
2022-04-30 00:56:06,645 [Worker-20: Building] INFO  o.e.m.c.i.p.WorkspaceClassifierResolverManager - Resolving P/DataGrades: co.edu.uco.grades:DataGrades:0.0.1-SNAPSHOT with classifier  to /DataGrades/target/classes
2022-04-30 00:56:06,645 [Worker-20: Building] INFO  o.e.m.c.i.p.WorkspaceClassifierResolverManager - Resolving P/DTOGrades: co.edu.uco.grades:DTOGrades:0.0.1-SNAPSHOT with classifier  to /DTOGrades/target/classes
2022-04-30 00:56:06,645 [Worker-20: Building] INFO  o.e.m.c.i.p.WorkspaceClassifierResolverManager - Resolving P/CrossCutting: co.edu.uco.Crosscutting:CrossCutting:0.0.1-SNAPSHOT with classifier  to /CrossCutting/target/classes
2022-04-30 00:56:06,762 [Worker-20: Building] INFO  o.e.m.c.i.l.LifecycleMappingFactory - Using org.eclipse.m2e.jdt.JarLifecycleMapping lifecycle mapping for MavenProject: co.edu.uco.grades.api:ApiGrade:0.0.1-SNAPSHOT @ C:\Users\ASUS\Documents\Sebastian\U\2022-1\DOO\DOO Parcial\DOO\ApiGrade\pom.xml.
2022-04-30 00:56:06,829 [Worker-20: Building] WARN  o.e.m.c.i.embedder.EclipseLogger - The POM for co.edu.uco.crosscutting:CrossCutting:jar:0.0.1-SNAPSHOT is missing, no dependency information available
2022-04-30 00:56:06,836 [Worker-20: Building] INFO  o.e.m.c.i.p.WorkspaceClassifierResolverManager - Resolving P/DataGrades: co.edu.uco.grades:DataGrades:0.0.1-SNAPSHOT with classifier  to /DataGrades/target/classes
2022-04-30 00:56:06,837 [Worker-20: Building] INFO  o.e.m.c.i.p.WorkspaceClassifierResolverManager - Resolving P/CrossCutting: co.edu.uco.Crosscutting:CrossCutting:0.0.1-SNAPSHOT with classifier  to /CrossCutting/target/classes
2022-04-30 00:56:06,837 [Worker-20: Building] INFO  o.e.m.c.i.p.WorkspaceClassifierResolverManager - Resolving P/BusinessLogicGrades: co.edu.uco.grades:BusinessLogicGrades:0.0.1-SNAPSHOT with classifier  to /BusinessLogicGrades/target/classes
2022-04-30 00:56:06,837 [Worker-20: Building] INFO  o.e.m.c.i.p.WorkspaceClassifierResolverManager - Resolving P/DTOGrades: co.edu.uco.grades:DTOGrades:0.0.1-SNAPSHOT with classifier  to /DTOGrades/target/classes
2022-04-30 00:56:07,078 [Worker-6: Building] INFO  o.e.m.c.i.p.WorkspaceClassifierResolverManager - Resolving P/DataGrades: co.edu.uco.grades:DataGrades:0.0.1-SNAPSHOT with classifier  to /DataGrades/target/classes
2022-04-30 00:56:07,078 [Worker-6: Building] INFO  o.e.m.c.i.p.WorkspaceClassifierResolverManager - Resolving P/DTOGrades: co.edu.uco.grades:DTOGrades:0.0.1-SNAPSHOT with classifier  to /DTOGrades/target/classes
2022-04-30 00:56:07,079 [Worker-6: Building] INFO  o.e.m.c.i.p.WorkspaceClassifierResolverManager - Resolving P/CrossCutting: co.edu.uco.Crosscutting:CrossCutting:0.0.1-SNAPSHOT with classifier  to /CrossCutting/target/classes
2022-04-30 00:56:07,086 [Worker-6: Building] WARN  o.e.m.c.i.embedder.EclipseLogger - Using platform encoding (Cp1252 actually) to copy filtered resources, i.e. build is platform dependent!
2022-04-30 00:56:07,088 [Worker-6: Building] INFO  o.e.m.c.i.embedder.EclipseLogger - skip non existing resourceDirectory C:\Users\ASUS\Documents\Sebastian\U\2022-1\DOO\DOO Parcial\DOO\BusinessLogicGrades\src\main\resources
2022-04-30 00:56:07,090 [Worker-6: Building] WARN  o.e.m.c.i.embedder.EclipseLogger - Using platform encoding (Cp1252 actually) to copy filtered resources, i.e. build is platform dependent!
2022-04-30 00:56:07,092 [Worker-6: Building] INFO  o.e.m.c.i.embedder.EclipseLogger - skip non existing resourceDirectory C:\Users\ASUS\Documents\Sebastian\U\2022-1\DOO\DOO Parcial\DOO\BusinessLogicGrades\src\test\resources
2022-04-30 00:56:14,224 [Worker-1: reload maven project] WARN  o.e.m.c.i.embedder.EclipseLogger - The POM for co.edu.uco.crosscutting:CrossCutting:jar:0.0.1-SNAPSHOT is missing, no dependency information available
2022-04-30 00:56:14,235 [Worker-1: reload maven project] INFO  o.e.m.c.i.p.WorkspaceClassifierResolverManager - Resolving P/DataGrades: co.edu.uco.grades:DataGrades:0.0.1-SNAPSHOT with classifier  to /DataGrades/target/classes
2022-04-30 00:56:14,235 [Worker-1: reload maven project] INFO  o.e.m.c.i.p.WorkspaceClassifierResolverManager - Resolving P/CrossCutting: co.edu.uco.Crosscutting:CrossCutting:0.0.1-SNAPSHOT with classifier  to /CrossCutting/target/classes
2022-04-30 00:56:14,236 [Worker-1: reload maven project] INFO  o.e.m.c.i.p.WorkspaceClassifierResolverManager - Resolving P/BusinessLogicGrades: co.edu.uco.grades:BusinessLogicGrades:0.0.1-SNAPSHOT with classifier  to /BusinessLogicGrades/target/classes
2022-04-30 00:56:14,236 [Worker-1: reload maven project] INFO  o.e.m.c.i.p.WorkspaceClassifierResolverManager - Resolving P/DTOGrades: co.edu.uco.grades:DTOGrades:0.0.1-SNAPSHOT with classifier  to /DTOGrades/target/classes
2022-04-30 00:57:12,227 [Worker-2: Building] INFO  o.e.m.c.i.l.LifecycleMappingFactory - Using org.eclipse.m2e.jdt.JarLifecycleMapping lifecycle mapping for MavenProject: co.edu.uco.grades.api:ApiGrade:0.0.1-SNAPSHOT @ C:\Users\ASUS\Documents\Sebastian\U\2022-1\DOO\DOO Parcial\DOO\ApiGrade\pom.xml.
2022-04-30 00:57:12,305 [Worker-2: Building] INFO  o.e.m.c.i.p.WorkspaceClassifierResolverManager - Resolving P/DataGrades: co.edu.uco.grades:DataGrades:0.0.1-SNAPSHOT with classifier  to /DataGrades/target/classes
2022-04-30 00:57:12,305 [Worker-2: Building] INFO  o.e.m.c.i.p.WorkspaceClassifierResolverManager - Resolving P/BusinessLogicGrades: co.edu.uco.grades:BusinessLogicGrades:0.0.1-SNAPSHOT with classifier  to /BusinessLogicGrades/target/classes
2022-04-30 00:57:12,306 [Worker-2: Building] INFO  o.e.m.c.i.p.WorkspaceClassifierResolverManager - Resolving P/DTOGrades: co.edu.uco.grades:DTOGrades:0.0.1-SNAPSHOT with classifier  to /DTOGrades/target/classes
2022-04-30 00:57:12,306 [Worker-2: Building] INFO  o.e.m.c.i.p.WorkspaceClassifierResolverManager - Resolving P/CrossCutting: co.edu.uco.Crosscutting:CrossCutting:0.0.1-SNAPSHOT with classifier  to /CrossCutting/target/classes
2022-04-30 00:57:12,546 [Worker-2: Building] INFO  o.e.m.c.i.embedder.EclipseLogger - Using 'UTF-8' encoding to copy filtered resources.
2022-04-30 00:57:12,546 [Worker-2: Building] INFO  o.e.m.c.i.embedder.EclipseLogger - Using 'UTF-8' encoding to copy filtered properties files.
2022-04-30 00:57:12,548 [Worker-2: Building] INFO  o.e.m.c.i.embedder.EclipseLogger - Copying 0 resource
2022-04-30 00:57:12,549 [Worker-2: Building] INFO  o.e.m.c.i.embedder.EclipseLogger - Copying 0 resource
2022-04-30 00:57:12,551 [Worker-2: Building] INFO  o.e.m.c.i.embedder.EclipseLogger - Using 'UTF-8' encoding to copy filtered resources.
2022-04-30 00:57:12,551 [Worker-2: Building] INFO  o.e.m.c.i.embedder.EclipseLogger - Using 'UTF-8' encoding to copy filtered properties files.
2022-04-30 00:57:12,551 [Worker-2: Building] INFO  o.e.m.c.i.embedder.EclipseLogger - skip non existing resourceDirectory C:\Users\ASUS\Documents\Sebastian\U\2022-1\DOO\DOO Parcial\DOO\ApiGrade\src\test\resources
2022-04-30 00:59:38,560 [Worker-0: Loading available Gradle versions] INFO  o.e.b.c.i.u.g.PublishedGradleVersions - Gradle version information cache is up-to-date. Trying to read.
2022-04-30 00:59:50,746 [Worker-8: reload maven project] INFO  o.e.m.c.i.p.WorkspaceClassifierResolverManager - Resolving P/DataGrades: co.edu.uco.grades:DataGrades:0.0.1-SNAPSHOT with classifier  to /DataGrades/target/classes
2022-04-30 00:59:50,750 [Worker-8: reload maven project] INFO  o.e.m.c.i.p.WorkspaceClassifierResolverManager - Resolving P/BusinessLogicGrades: co.edu.uco.grades:BusinessLogicGrades:0.0.1-SNAPSHOT with classifier  to /BusinessLogicGrades/target/classes
2022-04-30 00:59:50,750 [Worker-8: reload maven project] INFO  o.e.m.c.i.p.WorkspaceClassifierResolverManager - Resolving P/DTOGrades: co.edu.uco.grades:DTOGrades:0.0.1-SNAPSHOT with classifier  to /DTOGrades/target/classes
2022-04-30 00:59:50,750 [Worker-8: reload maven project] INFO  o.e.m.c.i.p.WorkspaceClassifierResolverManager - Resolving P/CrossCutting: co.edu.uco.Crosscutting:CrossCutting:0.0.1-SNAPSHOT with classifier  to /CrossCutting/target/classes
2022-04-30 00:59:58,055 [Worker-4: reload maven project] INFO  o.e.m.c.i.p.WorkspaceClassifierResolverManager - Resolving P/CrossCutting: co.edu.uco.Crosscutting:CrossCutting:0.0.1-SNAPSHOT with classifier  to /CrossCutting/target/classes
